DEBUG:root:Scraping Started For User : '**joshimehul**' || Time : 2017-07-02 20:31:09
DEBUG:root:Scraping Started For User : '**chigujak**' || Time : 2017-07-02 20:31:09
DEBUG:root:Schedule scraping Completed || Seller '' || ScheduleID '' || User : '**chigujak**' || Time : 2017-07-02 20:31:12
DEBUG:root:Schedule scraping Completed || Seller '' || ScheduleID '' || User : '**joshimehul**' || Time : 2017-07-02 20:31:18
DEBUG:root:Schedule scraping Completed || Seller '' || ScheduleID '' || User : '**chigujak**' || Time : 2017-07-02 20:31:21
DEBUG:root:Schedule scraping Completed || Seller '' || ScheduleID '' || User : '**chigujak**' || Time : 2017-07-02 20:31:26
DEBUG:root:User Scraping Completed || Seller '' || User : chigujak' || Time : 2017-07-02 20:31:26
DEBUG:root:Schedule scraping Completed || Seller '' || ScheduleID '' || User : '**joshimehul**' || Time : 2017-07-02 20:31:27
DEBUG:root:Schedule scraping Completed || Seller '' || ScheduleID '' || User : '**joshimehul**' || Time : 2017-07-02 20:31:35
DEBUG:root:User Scraping Completed || Seller '' || User : joshimehul' || Time : 2017-07-02 20:31:35
DEBUG:root:Scraping Started For User : '**joshimehul**' || Time : 2017-07-02 20:32:00
DEBUG:root:Scraping Started For User : '**chigujak**' || Time : 2017-07-02 20:32:00
DEBUG:root:Schedule scraping Completed || Seller '' || ScheduleID '' || User : '**joshimehul**' || Time : 2017-07-02 20:32:02
DEBUG:root:Schedule scraping Completed || Seller '' || ScheduleID '' || User : '**joshimehul**' || Time : 2017-07-02 20:32:09
DEBUG:root:Schedule scraping Completed || Seller '' || ScheduleID '' || User : '**chigujak**' || Time : 2017-07-02 20:32:10
DEBUG:root:Schedule scraping Completed || Seller '' || ScheduleID '' || User : '**joshimehul**' || Time : 2017-07-02 20:32:13
DEBUG:root:User Scraping Completed || Seller '' || User : joshimehul' || Time : 2017-07-02 20:32:13
DEBUG:root:Schedule scraping Completed || Seller '' || ScheduleID '' || User : '**chigujak**' || Time : 2017-07-02 20:32:18
DEBUG:root:Schedule scraping Completed || Seller '' || ScheduleID '' || User : '**chigujak**' || Time : 2017-07-02 20:32:19
DEBUG:root:User Scraping Completed || Seller '' || User : chigujak' || Time : 2017-07-02 20:32:20
DEBUG:root:Scraping Started For User : '**joshimehul**' || Time : 2017-07-02 21:17:06
DEBUG:root:Scraping Started For User : '**chigujak**' || Time : 2017-07-02 21:17:06
DEBUG:root:Schedule scraping Completed || Seller '' || ScheduleID '' || User : '**joshimehul**' || Time : 2017-07-02 21:17:11
DEBUG:root:Schedule scraping Completed || Seller '' || ScheduleID '' || User : '**chigujak**' || Time : 2017-07-02 21:17:12
DEBUG:root:Schedule scraping Completed || Seller '' || ScheduleID '' || User : '**joshimehul**' || Time : 2017-07-02 21:17:20
DEBUG:root:Schedule scraping Completed || Seller '' || ScheduleID '' || User : '**chigujak**' || Time : 2017-07-02 21:17:21
DEBUG:root:Schedule scraping Completed || Seller '' || ScheduleID '' || User : '**joshimehul**' || Time : 2017-07-02 21:17:21
DEBUG:root:User Scraping Completed || Seller '' || User : joshimehul' || Time : 2017-07-02 21:17:21
DEBUG:root:Schedule scraping Completed || Seller '' || ScheduleID '' || User : '**chigujak**' || Time : 2017-07-02 21:17:22
DEBUG:root:User Scraping Completed || Seller '' || User : chigujak' || Time : 2017-07-02 21:17:22
DEBUG:root:Scraping Started For User : '**aduncho**' || Time : 2017-07-02 21:17:22
DEBUG:root:Scraping Started For User : '**Niki**' || Time : 2017-07-02 21:17:22
DEBUG:root:Schedule scraping Completed || Seller '' || ScheduleID '' || User : '**Niki**' || Time : 2017-07-02 21:17:27
DEBUG:root:Schedule scraping Completed || Seller '' || ScheduleID '' || User : '**aduncho**' || Time : 2017-07-02 21:17:27
DEBUG:root:Schedule scraping Completed || Seller '' || ScheduleID '' || User : '**Niki**' || Time : 2017-07-02 21:17:29
DEBUG:root:Schedule scraping Completed || Seller '' || ScheduleID '' || User : '**Niki**' || Time : 2017-07-02 21:17:30
DEBUG:root:User Scraping Completed || Seller '' || User : Niki' || Time : 2017-07-02 21:17:30
DEBUG:root:Schedule scraping Completed || Seller '' || ScheduleID '' || User : '**aduncho**' || Time : 2017-07-02 21:17:35
DEBUG:root:User Scraping Completed || Seller '' || User : aduncho' || Time : 2017-07-02 21:17:35
DEBUG:root:Scraping Started For User : '**chigujak**' || Time : 2017-07-03 14:36:43
DEBUG:root:Scraping Started For User : '**joshimehul**' || Time : 2017-07-03 14:36:43
DEBUG:root:Schedule scraping Completed || Seller '' || ScheduleID '' || User : '**joshimehul**' || Time : 2017-07-03 14:36:45
DEBUG:root:Schedule scraping Completed || Seller '' || ScheduleID '' || User : '**chigujak**' || Time : 2017-07-03 14:36:45
DEBUG:root:Schedule scraping Completed || Seller '' || ScheduleID '' || User : '**joshimehul**' || Time : 2017-07-03 14:36:47
DEBUG:root:Schedule scraping Completed || Seller '' || ScheduleID '' || User : '**chigujak**' || Time : 2017-07-03 14:36:47
DEBUG:root:Schedule scraping Completed || Seller '' || ScheduleID '' || User : '**chigujak**' || Time : 2017-07-03 14:36:49
DEBUG:root:User Scraping Completed || Seller '' || User : chigujak' || Time : 2017-07-03 14:36:49
DEBUG:root:Schedule scraping Completed || Seller '' || ScheduleID '' || User : '**joshimehul**' || Time : 2017-07-03 14:36:49
DEBUG:root:User Scraping Completed || Seller '' || User : joshimehul' || Time : 2017-07-03 14:36:49
DEBUG:root:Scraping Started For User : '**aduncho**' || Time : 2017-07-03 14:36:50
DEBUG:root:Scraping Started For User : '**Niki**' || Time : 2017-07-03 14:36:50
DEBUG:root:Schedule scraping Completed || Seller '' || ScheduleID '' || User : '**Niki**' || Time : 2017-07-03 14:36:52
DEBUG:root:Schedule scraping Completed || Seller '' || ScheduleID '' || User : '**aduncho**' || Time : 2017-07-03 14:36:52
DEBUG:root:Schedule scraping Completed || Seller '' || ScheduleID '' || User : '**Niki**' || Time : 2017-07-03 14:36:54
DEBUG:root:Schedule scraping Completed || Seller '' || ScheduleID '' || User : '**aduncho**' || Time : 2017-07-03 14:36:54
DEBUG:root:User Scraping Completed || Seller '' || User : aduncho' || Time : 2017-07-03 14:36:54
DEBUG:root:Schedule scraping Completed || Seller '' || ScheduleID '' || User : '**Niki**' || Time : 2017-07-03 14:36:57
DEBUG:root:User Scraping Completed || Seller '' || User : Niki' || Time : 2017-07-03 14:36:57
